{
  "0 debug pnpm:scope": {
    "selected": 1
  },
  "1 info pnpm": {
    "err": {
      "name": "Error",
      "message": "not found: inistall",
      "code": "ENOENT",
      "stack": "Error: not found: inistall\n    at getNotFoundError (C:\\Users\\Administrator\\AppData\\Roaming\\nvm\\v16.14.0\\node_modules\\pnpm\\dist\\pnpm.cjs:41585:51)\n    at Function.whichSync [as sync] (C:\\Users\\Administrator\\AppData\\Roaming\\nvm\\v16.14.0\\node_modules\\pnpm\\dist\\pnpm.cjs:41662:13)\n    at getCommandAbsolutePathSync (C:\\Users\\Administrator\\AppData\\Roaming\\nvm\\v16.14.0\\node_modules\\pnpm\\dist\\pnpm.cjs:43227:44)\n    at default_1 (C:\\Users\\Administrator\\AppData\\Roaming\\nvm\\v16.14.0\\node_modules\\pnpm\\dist\\pnpm.cjs:43236:32)\n    at C:\\Users\\Administrator\\AppData\\Roaming\\nvm\\v16.14.0\\node_modules\\pnpm\\dist\\pnpm.cjs:178156:39"
    }
  },
  "2 error pnpm": {
    "code": "ERR_PNPM_RECURSIVE_EXEC_FIRST_FAIL",
    "prefix": "D:\\WorkSpace\\xiaominglin\\javascript\\webpack-dosome\\code\\chapter01\\init-project",
    "err": {
      "name": "pnpm",
      "message": "not found: inistall",
      "code": "ERR_PNPM_RECURSIVE_EXEC_FIRST_FAIL",
      "stack": "Error: not found: inistall\n    at getNotFoundError (C:\\Users\\Administrator\\AppData\\Roaming\\nvm\\v16.14.0\\node_modules\\pnpm\\dist\\pnpm.cjs:41585:51)\n    at Function.whichSync [as sync] (C:\\Users\\Administrator\\AppData\\Roaming\\nvm\\v16.14.0\\node_modules\\pnpm\\dist\\pnpm.cjs:41662:13)\n    at getCommandAbsolutePathSync (C:\\Users\\Administrator\\AppData\\Roaming\\nvm\\v16.14.0\\node_modules\\pnpm\\dist\\pnpm.cjs:43227:44)\n    at default_1 (C:\\Users\\Administrator\\AppData\\Roaming\\nvm\\v16.14.0\\node_modules\\pnpm\\dist\\pnpm.cjs:43236:32)\n    at C:\\Users\\Administrator\\AppData\\Roaming\\nvm\\v16.14.0\\node_modules\\pnpm\\dist\\pnpm.cjs:178156:39"
    }
  }
}